<?xml version="1.0" encoding="UTF-8"?>
<!-- Generated by org.testng.reporters.JUnitReportReporter -->
<testsuite hostname="DESKTOP-KEFG07B" failures="0" tests="1" name="com.actitime.testscript.ProjectModule" time="29.265" errors="0" timestamp="2023-08-01T20:45:58 IST" skipped="0">
  <testcase classname="com.actitime.testscript.ProjectModule" name="CreateProject" time="29.265"/>
  <system-out>
    <![CDATA[CreateCustomer]]>
  </system-out>
</testsuite> <!-- com.actitime.testscript.ProjectModule -->
