<?xml version="1.0" encoding="UTF-8"?>
<!-- Generated by org.testng.reporters.JUnitReportReporter -->
<testsuite hostname="DESKTOP-KEFG07B" failures="0" tests="1" name="com.actitime.testscript.TaskModule" time="45.757" errors="0" timestamp="2023-08-01T20:45:58 IST" skipped="0">
  <testcase classname="com.actitime.testscript.TaskModule" name="createTask" time="45.757"/>
  <system-out>
    <![CDATA[CreateCustomer]]>
  </system-out>
</testsuite> <!-- com.actitime.testscript.TaskModule -->
